<?xml version="1.0" encoding="UTF-8"?>
<!-- Generated by org.testng.reporters.JUnitXMLReporter -->
<testsuite hostname="LICCOQ1HKD" ignored="0" name="TestFF" tests="2" failures="1" timestamp="07 Sep 2018 11:09:37 GMT" time="58.393" errors="0">
  <testcase name="testValidLoginLogout" time="11.535" classname="scripts.Login"/>
  <testcase name="CreatingEntitlement" time="0.19" classname="scripts.Entitlment">
    <failure type="org.openqa.selenium.InvalidSelectorException" message="The given selector (//a[@text=&amp;apos;Entitlement(EE)&amp;apos;] is either invalid or does not result in a WebElement. The following error occurred:
InvalidSelectorError: Unable to locate an element with the xpath expression (//a[@text=&amp;apos;Entitlement(EE)&amp;apos;] because of the following error:
SyntaxError: The expression is not a legal expression.
Command duration or timeout: 0 milliseconds">
      <![CDATA[org.openqa.selenium.InvalidSelectorException: The given selector (//a[@text='Entitlement(EE)'] is either invalid or does not result in a WebElement. The following error occurred:
InvalidSelectorError: Unable to locate an element with the xpath expression (//a[@text='Entitlement(EE)'] because of the following error:
SyntaxError: The expression is not a legal expression.
Command duration or timeout: 0 milliseconds
at org.openqa.selenium.remote.ErrorHandler.createThrowable(ErrorHandler.java:215)
at org.openqa.selenium.remote.ErrorHandler.throwIfResponseFailed(ErrorHandler.java:167)
at org.openqa.selenium.remote.http.JsonHttpResponseCodec.reconstructValue(JsonHttpResponseCodec.java:40)
at org.openqa.selenium.remote.http.AbstractHttpResponseCodec.decode(AbstractHttpResponseCodec.java:82)
at org.openqa.selenium.remote.http.AbstractHttpResponseCodec.decode(AbstractHttpResponseCodec.java:45)
at org.openqa.selenium.remote.HttpCommandExecutor.execute(HttpCommandExecutor.java:164)
at org.openqa.selenium.remote.service.DriverCommandExecutor.execute(DriverCommandExecutor.java:82)
at org.openqa.selenium.remote.RemoteWebDriver.execute(RemoteWebDriver.java:646)
at org.openqa.selenium.remote.RemoteWebDriver.findElement(RemoteWebDriver.java:416)
at org.openqa.selenium.remote.RemoteWebDriver.findElementByXPath(RemoteWebDriver.java:518)
at org.openqa.selenium.By$ByXPath.findElement(By.java:361)
at org.openqa.selenium.remote.RemoteWebDriver.findElement(RemoteWebDriver.java:408)
at org.openqa.selenium.support.pagefactory.DefaultElementLocator.findElement(DefaultElementLocator.java:69)
at org.openqa.selenium.support.pagefactory.internal.LocatingElementHandler.invoke(LocatingElementHandler.java:38)
at com.sun.proxy.$Proxy9.click(Unknown Source)
at pom.CreateEntitlementPage.ClickEntitlment(CreateEntitlementPage.java:56)
at scripts.Entitlment.CreatingEntitlement(Entitlment.java:25)
Caused by: org.openqa.selenium.InvalidSelectorException: The given selector (//a[@text='Entitlement(EE)'] is either invalid or does not result in a WebElement. The following error occurred:
InvalidSelectorError: Unable to locate an element with the xpath expression (//a[@text='Entitlement(EE)'] because of the following error:
SyntaxError: The expression is not a legal expression.
For documentation on this error, please visit: http://seleniumhq.org/exceptions/invalid_selector_exception.html
Build info: version: '3.5.3', revision: 'a88d25fe6b', time: '2017-08-29T12:54:15.039Z'
System info: host: 'LICCOQ1HKD', ip: '16.166.236.169', os.name: 'Windows 7', os.arch: 'amd64', os.version: '6.1', java.version: '1.8.0_171'
Driver info: driver.version: unknown
at <anonymous class>.FirefoxDriver.annotateInvalidSelectorError_(file:///C:/Users/vkumar31/AppData/Local/Temp/anonymous7021869807743534308webdriver-profile/extensions/fxdriver@googlecode.com/components/driver-component.js:11841)
at <anonymous class>.FirefoxDriver.prototype.findElementInternal_(file:///C:/Users/vkumar31/AppData/Local/Temp/anonymous7021869807743534308webdriver-profile/extensions/fxdriver@googlecode.com/components/driver-component.js:11872)
at <anonymous class>.FirefoxDriver.prototype.findElement(file:///C:/Users/vkumar31/AppData/Local/Temp/anonymous7021869807743534308webdriver-profile/extensions/fxdriver@googlecode.com/components/driver-component.js:11876)
at <anonymous class>.DelayedCommand.prototype.executeInternal_/k(file:///C:/Users/vkumar31/AppData/Local/Temp/anonymous7021869807743534308webdriver-profile/extensions/fxdriver@googlecode.com/components/command-processor.js:13353)
at <anonymous class>.DelayedCommand.prototype.executeInternal_(file:///C:/Users/vkumar31/AppData/Local/Temp/anonymous7021869807743534308webdriver-profile/extensions/fxdriver@googlecode.com/components/command-processor.js:13358)
at <anonymous class>.DelayedCommand.prototype.execute/<(file:///C:/Users/vkumar31/AppData/Local/Temp/anonymous7021869807743534308webdriver-profile/extensions/fxdriver@googlecode.com/components/command-processor.js:13300)
... Removed 29 stack frames]]>
    </failure>
  </testcase> <!-- CreatingEntitlement -->
</testsuite> <!-- TestFF -->
